{"C:\\Users\\Bradz\\Documents\\Futureproof_Exercises\\Orijournal\\app.js": {"path":"C:\\Users\\Bradz\\Documents\\Futureproof_Exercises\\Orijournal\\app.js","statementMap":{"0":{"start":{"line":1,"column":16},"end":{"line":1,"column":34}},"1":{"start":{"line":2,"column":12},"end":{"line":2,"column":21}},"2":{"start":{"line":3,"column":13},"end":{"line":3,"column":28}},"3":{"start":{"line":4,"column":13},"end":{"line":4,"column":28}},"4":{"start":{"line":5,"column":13},"end":{"line":5,"column":37}},"5":{"start":{"line":6,"column":0},"end":{"line":6,"column":16}},"6":{"start":{"line":7,"column":0},"end":{"line":7,"column":23}},"7":{"start":{"line":8,"column":0},"end":{"line":8,"column":46}},"8":{"start":{"line":10,"column":9},"end":{"line":10,"column":22}},"9":{"start":{"line":13,"column":19},"end":{"line":13,"column":30}},"10":{"start":{"line":14,"column":15},"end":{"line":14,"column":63}},"11":{"start":{"line":15,"column":4},"end":{"line":15,"column":15}},"12":{"start":{"line":19,"column":17},"end":{"line":19,"column":28}},"13":{"start":{"line":20,"column":13},"end":{"line":20,"column":61}},"14":{"start":{"line":21,"column":2},"end":{"line":21,"column":31}},"15":{"start":{"line":22,"column":2},"end":{"line":22,"column":23}},"16":{"start":{"line":23,"column":2},"end":{"line":23,"column":51}},"17":{"start":{"line":27,"column":17},"end":{"line":27,"column":28}},"18":{"start":{"line":28,"column":13},"end":{"line":28,"column":61}},"19":{"start":{"line":29,"column":14},"end":{"line":29,"column":62}},"20":{"start":{"line":29,"column":42},"end":{"line":29,"column":61}},"21":{"start":{"line":30,"column":2},"end":{"line":30,"column":44}},"22":{"start":{"line":31,"column":2},"end":{"line":31,"column":51}},"23":{"start":{"line":50,"column":2},"end":{"line":50,"column":23}},"24":{"start":{"line":52,"column":17},"end":{"line":52,"column":28}},"25":{"start":{"line":53,"column":13},"end":{"line":53,"column":61}},"26":{"start":{"line":54,"column":14},"end":{"line":54,"column":60}},"27":{"start":{"line":54,"column":42},"end":{"line":54,"column":59}},"28":{"start":{"line":55,"column":2},"end":{"line":61,"column":3}},"29":{"start":{"line":56,"column":4},"end":{"line":56,"column":47}},"30":{"start":{"line":57,"column":4},"end":{"line":57,"column":39}},"31":{"start":{"line":59,"column":4},"end":{"line":59,"column":47}},"32":{"start":{"line":60,"column":4},"end":{"line":60,"column":43}},"33":{"start":{"line":62,"column":2},"end":{"line":62,"column":51}},"34":{"start":{"line":63,"column":2},"end":{"line":63,"column":12}},"35":{"start":{"line":67,"column":17},"end":{"line":67,"column":28}},"36":{"start":{"line":68,"column":13},"end":{"line":68,"column":61}},"37":{"start":{"line":69,"column":2},"end":{"line":69,"column":26}},"38":{"start":{"line":74,"column":0},"end":{"line":76,"column":4}},"39":{"start":{"line":75,"column":4},"end":{"line":75,"column":23}},"40":{"start":{"line":78,"column":0},"end":{"line":78,"column":76}},"41":{"start":{"line":78,"column":27},"end":{"line":78,"column":75}},"42":{"start":{"line":80,"column":0},"end":{"line":80,"column":96}},"43":{"start":{"line":80,"column":42},"end":{"line":80,"column":95}},"44":{"start":{"line":82,"column":0},"end":{"line":82,"column":88}},"45":{"start":{"line":82,"column":38},"end":{"line":82,"column":87}},"46":{"start":{"line":84,"column":0},"end":{"line":86,"column":2}},"47":{"start":{"line":85,"column":2},"end":{"line":85,"column":20}},"48":{"start":{"line":88,"column":0},"end":{"line":88,"column":91}},"49":{"start":{"line":88,"column":42},"end":{"line":88,"column":90}},"50":{"start":{"line":90,"column":0},"end":{"line":90,"column":99}},"51":{"start":{"line":90,"column":46},"end":{"line":90,"column":98}},"52":{"start":{"line":92,"column":0},"end":{"line":92,"column":97}},"53":{"start":{"line":92,"column":45},"end":{"line":92,"column":96}},"54":{"start":{"line":94,"column":0},"end":{"line":94,"column":94}},"55":{"start":{"line":94,"column":40},"end":{"line":94,"column":93}},"56":{"start":{"line":97,"column":0},"end":{"line":99,"column":2}},"57":{"start":{"line":98,"column":2},"end":{"line":98,"column":22}},"58":{"start":{"line":106,"column":0},"end":{"line":108,"column":2}},"59":{"start":{"line":107,"column":2},"end":{"line":107,"column":20}},"60":{"start":{"line":111,"column":0},"end":{"line":111,"column":78}},"61":{"start":{"line":111,"column":23},"end":{"line":111,"column":77}},"62":{"start":{"line":113,"column":0},"end":{"line":113,"column":75}}},"fnMap":{"0":{"name":"getData","decl":{"start":{"line":12,"column":9},"end":{"line":12,"column":16}},"loc":{"start":{"line":12,"column":19},"end":{"line":16,"column":1}},"line":12},"1":{"name":"saveData","decl":{"start":{"line":18,"column":9},"end":{"line":18,"column":17}},"loc":{"start":{"line":18,"column":25},"end":{"line":24,"column":1}},"line":18},"2":{"name":"addComment","decl":{"start":{"line":26,"column":9},"end":{"line":26,"column":19}},"loc":{"start":{"line":26,"column":27},"end":{"line":32,"column":1}},"line":26},"3":{"name":"(anonymous_3)","decl":{"start":{"line":29,"column":35},"end":{"line":29,"column":36}},"loc":{"start":{"line":29,"column":42},"end":{"line":29,"column":61}},"line":29},"4":{"name":"reaction","decl":{"start":{"line":49,"column":9},"end":{"line":49,"column":17}},"loc":{"start":{"line":49,"column":24},"end":{"line":64,"column":1}},"line":49},"5":{"name":"(anonymous_5)","decl":{"start":{"line":54,"column":35},"end":{"line":54,"column":36}},"loc":{"start":{"line":54,"column":42},"end":{"line":54,"column":59}},"line":54},"6":{"name":"jsonLength","decl":{"start":{"line":66,"column":9},"end":{"line":66,"column":19}},"loc":{"start":{"line":66,"column":22},"end":{"line":70,"column":1}},"line":66},"7":{"name":"(anonymous_7)","decl":{"start":{"line":74,"column":20},"end":{"line":74,"column":21}},"loc":{"start":{"line":74,"column":34},"end":{"line":76,"column":3}},"line":74},"8":{"name":"(anonymous_8)","decl":{"start":{"line":78,"column":13},"end":{"line":78,"column":14}},"loc":{"start":{"line":78,"column":27},"end":{"line":78,"column":75}},"line":78},"9":{"name":"(anonymous_9)","decl":{"start":{"line":80,"column":22},"end":{"line":80,"column":23}},"loc":{"start":{"line":80,"column":42},"end":{"line":80,"column":95}},"line":80},"10":{"name":"(anonymous_10)","decl":{"start":{"line":82,"column":18},"end":{"line":82,"column":19}},"loc":{"start":{"line":82,"column":38},"end":{"line":82,"column":87}},"line":82},"11":{"name":"(anonymous_11)","decl":{"start":{"line":84,"column":23},"end":{"line":84,"column":24}},"loc":{"start":{"line":84,"column":43},"end":{"line":86,"column":1}},"line":84},"12":{"name":"(anonymous_12)","decl":{"start":{"line":88,"column":22},"end":{"line":88,"column":23}},"loc":{"start":{"line":88,"column":42},"end":{"line":88,"column":90}},"line":88},"13":{"name":"(anonymous_13)","decl":{"start":{"line":90,"column":26},"end":{"line":90,"column":27}},"loc":{"start":{"line":90,"column":46},"end":{"line":90,"column":98}},"line":90},"14":{"name":"(anonymous_14)","decl":{"start":{"line":92,"column":25},"end":{"line":92,"column":26}},"loc":{"start":{"line":92,"column":45},"end":{"line":92,"column":96}},"line":92},"15":{"name":"(anonymous_15)","decl":{"start":{"line":94,"column":20},"end":{"line":94,"column":21}},"loc":{"start":{"line":94,"column":40},"end":{"line":94,"column":93}},"line":94},"16":{"name":"(anonymous_16)","decl":{"start":{"line":97,"column":31},"end":{"line":97,"column":32}},"loc":{"start":{"line":97,"column":51},"end":{"line":99,"column":1}},"line":97},"17":{"name":"(anonymous_17)","decl":{"start":{"line":106,"column":28},"end":{"line":106,"column":29}},"loc":{"start":{"line":106,"column":48},"end":{"line":108,"column":1}},"line":106},"18":{"name":"(anonymous_18)","decl":{"start":{"line":111,"column":17},"end":{"line":111,"column":18}},"loc":{"start":{"line":111,"column":23},"end":{"line":111,"column":77}},"line":111}},"branchMap":{"0":{"loc":{"start":{"line":5,"column":13},"end":{"line":5,"column":37}},"type":"binary-expr","locations":[{"start":{"line":5,"column":13},"end":{"line":5,"column":29}},{"start":{"line":5,"column":33},"end":{"line":5,"column":37}}],"line":5},"1":{"loc":{"start":{"line":55,"column":2},"end":{"line":61,"column":3}},"type":"if","locations":[{"start":{"line":55,"column":2},"end":{"line":61,"column":3}},{"start":{"line":58,"column":8},"end":{"line":61,"column":3}}],"line":55}},"s":{"0":1,"1":1,"2":1,"3":1,"4":1,"5":1,"6":1,"7":1,"8":1,"9":2,"10":2,"11":2,"12":0,"13":0,"14":0,"15":0,"16":0,"17":0,"18":0,"19":0,"20":0,"21":0,"22":0,"23":1,"24":1,"25":1,"26":1,"27":1,"28":1,"29":1,"30":1,"31":0,"32":0,"33":1,"34":1,"35":1,"36":1,"37":1,"38":1,"39":2,"40":1,"41":1,"42":1,"43":1,"44":1,"45":1,"46":1,"47":0,"48":1,"49":0,"50":1,"51":0,"52":1,"53":0,"54":1,"55":0,"56":1,"57":0,"58":1,"59":0,"60":1,"61":1,"62":1},"f":{"0":2,"1":0,"2":0,"3":0,"4":1,"5":1,"6":1,"7":2,"8":1,"9":1,"10":1,"11":0,"12":0,"13":0,"14":0,"15":0,"16":0,"17":0,"18":1},"b":{"0":[1,1],"1":[1,0]},"_coverageSchema":"1a1c01bbd47fc00a2c39e90264f33305004495a9","hash":"7a32bef08bab5ae34abef2effbbe5d52ada5daf7"}
}
