{"C:\\Users\\Bradz\\Documents\\Futureproof_Exercises\\Orijournal\\app.js": {"path":"C:\\Users\\Bradz\\Documents\\Futureproof_Exercises\\Orijournal\\app.js","statementMap":{"0":{"start":{"line":1,"column":16},"end":{"line":1,"column":34}},"1":{"start":{"line":2,"column":12},"end":{"line":2,"column":21}},"2":{"start":{"line":3,"column":13},"end":{"line":3,"column":28}},"3":{"start":{"line":4,"column":13},"end":{"line":4,"column":28}},"4":{"start":{"line":5,"column":13},"end":{"line":5,"column":37}},"5":{"start":{"line":6,"column":0},"end":{"line":6,"column":16}},"6":{"start":{"line":7,"column":0},"end":{"line":7,"column":23}},"7":{"start":{"line":8,"column":0},"end":{"line":8,"column":46}},"8":{"start":{"line":10,"column":9},"end":{"line":10,"column":22}},"9":{"start":{"line":13,"column":19},"end":{"line":13,"column":30}},"10":{"start":{"line":14,"column":15},"end":{"line":14,"column":63}},"11":{"start":{"line":15,"column":4},"end":{"line":15,"column":15}},"12":{"start":{"line":19,"column":17},"end":{"line":19,"column":28}},"13":{"start":{"line":20,"column":13},"end":{"line":20,"column":61}},"14":{"start":{"line":21,"column":2},"end":{"line":21,"column":26}},"15":{"start":{"line":24,"column":0},"end":{"line":26,"column":4}},"16":{"start":{"line":25,"column":4},"end":{"line":25,"column":23}},"17":{"start":{"line":28,"column":0},"end":{"line":28,"column":76}},"18":{"start":{"line":28,"column":27},"end":{"line":28,"column":75}},"19":{"start":{"line":30,"column":0},"end":{"line":30,"column":96}},"20":{"start":{"line":30,"column":42},"end":{"line":30,"column":95}},"21":{"start":{"line":32,"column":0},"end":{"line":32,"column":88}},"22":{"start":{"line":32,"column":38},"end":{"line":32,"column":87}},"23":{"start":{"line":34,"column":0},"end":{"line":42,"column":2}},"24":{"start":{"line":35,"column":4},"end":{"line":35,"column":19}},"25":{"start":{"line":36,"column":19},"end":{"line":36,"column":30}},"26":{"start":{"line":37,"column":15},"end":{"line":37,"column":63}},"27":{"start":{"line":38,"column":4},"end":{"line":38,"column":33}},"28":{"start":{"line":39,"column":4},"end":{"line":39,"column":25}},"29":{"start":{"line":40,"column":4},"end":{"line":40,"column":53}},"30":{"start":{"line":41,"column":4},"end":{"line":41,"column":18}},"31":{"start":{"line":44,"column":0},"end":{"line":44,"column":91}},"32":{"start":{"line":44,"column":42},"end":{"line":44,"column":90}},"33":{"start":{"line":46,"column":0},"end":{"line":46,"column":91}},"34":{"start":{"line":46,"column":42},"end":{"line":46,"column":90}},"35":{"start":{"line":48,"column":0},"end":{"line":48,"column":99}},"36":{"start":{"line":48,"column":46},"end":{"line":48,"column":98}},"37":{"start":{"line":50,"column":0},"end":{"line":50,"column":97}},"38":{"start":{"line":50,"column":45},"end":{"line":50,"column":96}},"39":{"start":{"line":52,"column":0},"end":{"line":52,"column":94}},"40":{"start":{"line":52,"column":40},"end":{"line":52,"column":93}},"41":{"start":{"line":54,"column":0},"end":{"line":62,"column":2}},"42":{"start":{"line":55,"column":2},"end":{"line":55,"column":17}},"43":{"start":{"line":56,"column":17},"end":{"line":56,"column":28}},"44":{"start":{"line":57,"column":13},"end":{"line":57,"column":61}},"45":{"start":{"line":58,"column":14},"end":{"line":58,"column":62}},"46":{"start":{"line":58,"column":42},"end":{"line":58,"column":61}},"47":{"start":{"line":59,"column":2},"end":{"line":59,"column":39}},"48":{"start":{"line":60,"column":2},"end":{"line":60,"column":51}},"49":{"start":{"line":61,"column":2},"end":{"line":61,"column":16}},"50":{"start":{"line":64,"column":0},"end":{"line":79,"column":2}},"51":{"start":{"line":66,"column":13},"end":{"line":66,"column":21}},"52":{"start":{"line":67,"column":17},"end":{"line":67,"column":28}},"53":{"start":{"line":68,"column":13},"end":{"line":68,"column":61}},"54":{"start":{"line":69,"column":14},"end":{"line":69,"column":60}},"55":{"start":{"line":69,"column":42},"end":{"line":69,"column":59}},"56":{"start":{"line":70,"column":2},"end":{"line":76,"column":3}},"57":{"start":{"line":71,"column":4},"end":{"line":71,"column":47}},"58":{"start":{"line":72,"column":4},"end":{"line":72,"column":39}},"59":{"start":{"line":74,"column":4},"end":{"line":74,"column":47}},"60":{"start":{"line":75,"column":4},"end":{"line":75,"column":43}},"61":{"start":{"line":77,"column":2},"end":{"line":77,"column":51}},"62":{"start":{"line":78,"column":2},"end":{"line":78,"column":15}},"63":{"start":{"line":82,"column":0},"end":{"line":82,"column":78}},"64":{"start":{"line":82,"column":23},"end":{"line":82,"column":77}},"65":{"start":{"line":84,"column":0},"end":{"line":84,"column":48}}},"fnMap":{"0":{"name":"getData","decl":{"start":{"line":12,"column":9},"end":{"line":12,"column":16}},"loc":{"start":{"line":12,"column":19},"end":{"line":16,"column":1}},"line":12},"1":{"name":"getPostsCount","decl":{"start":{"line":18,"column":9},"end":{"line":18,"column":22}},"loc":{"start":{"line":18,"column":25},"end":{"line":22,"column":1}},"line":18},"2":{"name":"(anonymous_2)","decl":{"start":{"line":24,"column":20},"end":{"line":24,"column":21}},"loc":{"start":{"line":24,"column":34},"end":{"line":26,"column":3}},"line":24},"3":{"name":"(anonymous_3)","decl":{"start":{"line":28,"column":13},"end":{"line":28,"column":14}},"loc":{"start":{"line":28,"column":27},"end":{"line":28,"column":75}},"line":28},"4":{"name":"(anonymous_4)","decl":{"start":{"line":30,"column":22},"end":{"line":30,"column":23}},"loc":{"start":{"line":30,"column":42},"end":{"line":30,"column":95}},"line":30},"5":{"name":"(anonymous_5)","decl":{"start":{"line":32,"column":18},"end":{"line":32,"column":19}},"loc":{"start":{"line":32,"column":38},"end":{"line":32,"column":87}},"line":32},"6":{"name":"(anonymous_6)","decl":{"start":{"line":34,"column":23},"end":{"line":34,"column":24}},"loc":{"start":{"line":34,"column":43},"end":{"line":42,"column":1}},"line":34},"7":{"name":"(anonymous_7)","decl":{"start":{"line":44,"column":22},"end":{"line":44,"column":23}},"loc":{"start":{"line":44,"column":42},"end":{"line":44,"column":90}},"line":44},"8":{"name":"(anonymous_8)","decl":{"start":{"line":46,"column":22},"end":{"line":46,"column":23}},"loc":{"start":{"line":46,"column":42},"end":{"line":46,"column":90}},"line":46},"9":{"name":"(anonymous_9)","decl":{"start":{"line":48,"column":26},"end":{"line":48,"column":27}},"loc":{"start":{"line":48,"column":46},"end":{"line":48,"column":98}},"line":48},"10":{"name":"(anonymous_10)","decl":{"start":{"line":50,"column":25},"end":{"line":50,"column":26}},"loc":{"start":{"line":50,"column":45},"end":{"line":50,"column":96}},"line":50},"11":{"name":"(anonymous_11)","decl":{"start":{"line":52,"column":20},"end":{"line":52,"column":21}},"loc":{"start":{"line":52,"column":40},"end":{"line":52,"column":93}},"line":52},"12":{"name":"(anonymous_12)","decl":{"start":{"line":54,"column":31},"end":{"line":54,"column":32}},"loc":{"start":{"line":54,"column":51},"end":{"line":62,"column":1}},"line":54},"13":{"name":"(anonymous_13)","decl":{"start":{"line":58,"column":35},"end":{"line":58,"column":36}},"loc":{"start":{"line":58,"column":42},"end":{"line":58,"column":61}},"line":58},"14":{"name":"(anonymous_14)","decl":{"start":{"line":64,"column":28},"end":{"line":64,"column":29}},"loc":{"start":{"line":64,"column":48},"end":{"line":79,"column":1}},"line":64},"15":{"name":"(anonymous_15)","decl":{"start":{"line":69,"column":35},"end":{"line":69,"column":36}},"loc":{"start":{"line":69,"column":42},"end":{"line":69,"column":59}},"line":69},"16":{"name":"(anonymous_16)","decl":{"start":{"line":82,"column":17},"end":{"line":82,"column":18}},"loc":{"start":{"line":82,"column":23},"end":{"line":82,"column":77}},"line":82}},"branchMap":{"0":{"loc":{"start":{"line":5,"column":13},"end":{"line":5,"column":37}},"type":"binary-expr","locations":[{"start":{"line":5,"column":13},"end":{"line":5,"column":29}},{"start":{"line":5,"column":33},"end":{"line":5,"column":37}}],"line":5},"1":{"loc":{"start":{"line":70,"column":2},"end":{"line":76,"column":3}},"type":"if","locations":[{"start":{"line":70,"column":2},"end":{"line":76,"column":3}},{"start":{"line":73,"column":8},"end":{"line":76,"column":3}}],"line":70}},"s":{"0":1,"1":1,"2":1,"3":1,"4":1,"5":1,"6":1,"7":1,"8":1,"9":2,"10":2,"11":2,"12":1,"13":1,"14":1,"15":1,"16":2,"17":1,"18":1,"19":1,"20":1,"21":1,"22":1,"23":1,"24":1,"25":1,"26":1,"27":1,"28":1,"29":1,"30":1,"31":1,"32":0,"33":1,"34":0,"35":1,"36":0,"37":1,"38":0,"39":1,"40":0,"41":1,"42":1,"43":1,"44":1,"45":1,"46":1,"47":1,"48":1,"49":1,"50":1,"51":1,"52":1,"53":1,"54":1,"55":1,"56":1,"57":1,"58":1,"59":0,"60":0,"61":1,"62":1,"63":1,"64":1,"65":1},"f":{"0":2,"1":1,"2":2,"3":1,"4":1,"5":1,"6":1,"7":0,"8":0,"9":0,"10":0,"11":0,"12":1,"13":1,"14":1,"15":1,"16":1},"b":{"0":[1,1],"1":[1,0]},"_coverageSchema":"1a1c01bbd47fc00a2c39e90264f33305004495a9","hash":"a5574d004df580052caba7ae5817d001eb352ae3"}
,"C:\\Users\\Bradz\\Documents\\Futureproof_Exercises\\Orijournal\\community_functions.js": {"path":"C:\\Users\\Bradz\\Documents\\Futureproof_Exercises\\Orijournal\\community_functions.js","statementMap":{"0":{"start":{"line":2,"column":15},"end":{"line":2,"column":25}},"1":{"start":{"line":3,"column":15},"end":{"line":3,"column":33}},"2":{"start":{"line":4,"column":16},"end":{"line":4,"column":35}},"3":{"start":{"line":5,"column":14},"end":{"line":5,"column":28}},"4":{"start":{"line":6,"column":15},"end":{"line":6,"column":30}},"5":{"start":{"line":7,"column":17},"end":{"line":7,"column":34}},"6":{"start":{"line":9,"column":4},"end":{"line":9,"column":54}},"7":{"start":{"line":14,"column":4},"end":{"line":37,"column":32}},"8":{"start":{"line":35,"column":22},"end":{"line":35,"column":37}},"9":{"start":{"line":36,"column":18},"end":{"line":36,"column":35}},"10":{"start":{"line":37,"column":18},"end":{"line":37,"column":30}},"11":{"start":{"line":41,"column":4},"end":{"line":41,"column":26}},"12":{"start":{"line":42,"column":4},"end":{"line":56,"column":32}},"13":{"start":{"line":54,"column":22},"end":{"line":54,"column":37}},"14":{"start":{"line":55,"column":18},"end":{"line":55,"column":35}},"15":{"start":{"line":56,"column":18},"end":{"line":56,"column":30}},"16":{"start":{"line":57,"column":4},"end":{"line":57,"column":28}},"17":{"start":{"line":58,"column":4},"end":{"line":58,"column":30}},"18":{"start":{"line":62,"column":4},"end":{"line":75,"column":32}},"19":{"start":{"line":73,"column":22},"end":{"line":73,"column":37}},"20":{"start":{"line":74,"column":18},"end":{"line":74,"column":35}},"21":{"start":{"line":75,"column":18},"end":{"line":75,"column":30}},"22":{"start":{"line":78,"column":0},"end":{"line":78,"column":63}}},"fnMap":{"0":{"name":"getNow","decl":{"start":{"line":1,"column":9},"end":{"line":1,"column":15}},"loc":{"start":{"line":1,"column":19},"end":{"line":10,"column":1}},"line":1},"1":{"name":"sendPost","decl":{"start":{"line":12,"column":9},"end":{"line":12,"column":17}},"loc":{"start":{"line":12,"column":20},"end":{"line":38,"column":1}},"line":12},"2":{"name":"(anonymous_2)","decl":{"start":{"line":35,"column":10},"end":{"line":35,"column":11}},"loc":{"start":{"line":35,"column":22},"end":{"line":35,"column":37}},"line":35},"3":{"name":"(anonymous_3)","decl":{"start":{"line":36,"column":10},"end":{"line":36,"column":11}},"loc":{"start":{"line":36,"column":18},"end":{"line":36,"column":35}},"line":36},"4":{"name":"(anonymous_4)","decl":{"start":{"line":37,"column":11},"end":{"line":37,"column":12}},"loc":{"start":{"line":37,"column":18},"end":{"line":37,"column":30}},"line":37},"5":{"name":"sendComment","decl":{"start":{"line":40,"column":9},"end":{"line":40,"column":20}},"loc":{"start":{"line":40,"column":31},"end":{"line":59,"column":1}},"line":40},"6":{"name":"(anonymous_6)","decl":{"start":{"line":54,"column":10},"end":{"line":54,"column":11}},"loc":{"start":{"line":54,"column":22},"end":{"line":54,"column":37}},"line":54},"7":{"name":"(anonymous_7)","decl":{"start":{"line":55,"column":10},"end":{"line":55,"column":11}},"loc":{"start":{"line":55,"column":18},"end":{"line":55,"column":35}},"line":55},"8":{"name":"(anonymous_8)","decl":{"start":{"line":56,"column":11},"end":{"line":56,"column":12}},"loc":{"start":{"line":56,"column":18},"end":{"line":56,"column":30}},"line":56},"9":{"name":"addReaction","decl":{"start":{"line":61,"column":9},"end":{"line":61,"column":20}},"loc":{"start":{"line":61,"column":46},"end":{"line":76,"column":1}},"line":61},"10":{"name":"(anonymous_10)","decl":{"start":{"line":73,"column":10},"end":{"line":73,"column":11}},"loc":{"start":{"line":73,"column":22},"end":{"line":73,"column":37}},"line":73},"11":{"name":"(anonymous_11)","decl":{"start":{"line":74,"column":10},"end":{"line":74,"column":11}},"loc":{"start":{"line":74,"column":18},"end":{"line":74,"column":35}},"line":74},"12":{"name":"(anonymous_12)","decl":{"start":{"line":75,"column":11},"end":{"line":75,"column":12}},"loc":{"start":{"line":75,"column":18},"end":{"line":75,"column":30}},"line":75}},"branchMap":{},"s":{"0":1,"1":1,"2":1,"3":1,"4":1,"5":1,"6":1,"7":1,"8":1,"9":0,"10":1,"11":1,"12":1,"13":1,"14":0,"15":1,"16":1,"17":1,"18":1,"19":1,"20":0,"21":1,"22":1},"f":{"0":1,"1":1,"2":1,"3":0,"4":1,"5":1,"6":1,"7":0,"8":1,"9":1,"10":1,"11":0,"12":1},"b":{},"_coverageSchema":"1a1c01bbd47fc00a2c39e90264f33305004495a9","hash":"4532df06123fd89a510dd627f543e99ce4284ab5"}
}
