TN:
SF:app.js
FN:12,getData
FN:18,getPostsCount
FN:24,(anonymous_2)
FN:28,(anonymous_3)
FN:30,(anonymous_4)
FN:32,(anonymous_5)
FN:34,(anonymous_6)
FN:44,(anonymous_7)
FN:46,(anonymous_8)
FN:48,(anonymous_9)
FN:50,(anonymous_10)
FN:52,(anonymous_11)
FN:54,(anonymous_12)
FN:58,(anonymous_13)
FN:64,(anonymous_14)
FN:69,(anonymous_15)
FN:82,(anonymous_16)
FNF:17
FNH:12
FNDA:2,getData
FNDA:1,getPostsCount
FNDA:2,(anonymous_2)
FNDA:1,(anonymous_3)
FNDA:1,(anonymous_4)
FNDA:1,(anonymous_5)
FNDA:1,(anonymous_6)
FNDA:0,(anonymous_7)
FNDA:0,(anonymous_8)
FNDA:0,(anonymous_9)
FNDA:0,(anonymous_10)
FNDA:0,(anonymous_11)
FNDA:1,(anonymous_12)
FNDA:1,(anonymous_13)
FNDA:1,(anonymous_14)
FNDA:1,(anonymous_15)
FNDA:1,(anonymous_16)
DA:1,1
DA:2,1
DA:3,1
DA:4,1
DA:5,1
DA:6,1
DA:7,1
DA:8,1
DA:10,1
DA:13,2
DA:14,2
DA:15,2
DA:19,1
DA:20,1
DA:21,1
DA:24,1
DA:25,2
DA:28,1
DA:30,1
DA:32,1
DA:34,1
DA:35,1
DA:36,1
DA:37,1
DA:38,1
DA:39,1
DA:40,1
DA:41,1
DA:44,1
DA:46,1
DA:48,1
DA:50,1
DA:52,1
DA:54,1
DA:55,1
DA:56,1
DA:57,1
DA:58,1
DA:59,1
DA:60,1
DA:61,1
DA:64,1
DA:66,1
DA:67,1
DA:68,1
DA:69,1
DA:70,1
DA:71,1
DA:72,1
DA:74,0
DA:75,0
DA:77,1
DA:78,1
DA:82,1
DA:84,1
LF:55
LH:53
BRDA:5,0,0,1
BRDA:5,0,1,1
BRDA:70,1,0,1
BRDA:70,1,1,0
BRF:4
BRH:3
end_of_record
TN:
SF:community_functions.js
FN:1,getNow
FN:12,sendPost
FN:35,(anonymous_2)
FN:36,(anonymous_3)
FN:37,(anonymous_4)
FN:40,sendComment
FN:54,(anonymous_6)
FN:55,(anonymous_7)
FN:56,(anonymous_8)
FN:61,addReaction
FN:73,(anonymous_10)
FN:74,(anonymous_11)
FN:75,(anonymous_12)
FNF:13
FNH:10
FNDA:1,getNow
FNDA:1,sendPost
FNDA:1,(anonymous_2)
FNDA:0,(anonymous_3)
FNDA:1,(anonymous_4)
FNDA:1,sendComment
FNDA:1,(anonymous_6)
FNDA:0,(anonymous_7)
FNDA:1,(anonymous_8)
FNDA:1,addReaction
FNDA:1,(anonymous_10)
FNDA:0,(anonymous_11)
FNDA:1,(anonymous_12)
DA:2,1
DA:3,1
DA:4,1
DA:5,1
DA:6,1
DA:7,1
DA:9,1
DA:14,1
DA:35,1
DA:36,0
DA:37,1
DA:41,1
DA:42,1
DA:54,1
DA:55,0
DA:56,1
DA:57,1
DA:58,1
DA:62,1
DA:73,1
DA:74,0
DA:75,1
DA:78,1
LF:23
LH:20
BRF:0
BRH:0
end_of_record
