TN:
SF:app.js
FN:12,getData
FN:19,getPostsCount
FN:25,(anonymous_2)
FN:29,(anonymous_3)
FN:31,(anonymous_4)
FN:33,(anonymous_5)
FN:35,(anonymous_6)
FN:45,(anonymous_7)
FN:47,(anonymous_8)
FN:49,(anonymous_9)
FN:51,(anonymous_10)
FN:53,(anonymous_11)
FN:57,(anonymous_12)
FN:63,(anonymous_13)
FN:68,(anonymous_14)
FN:81,(anonymous_15)
FNF:16
FNH:12
FNDA:2,getData
FNDA:1,getPostsCount
FNDA:2,(anonymous_2)
FNDA:1,(anonymous_3)
FNDA:1,(anonymous_4)
FNDA:1,(anonymous_5)
FNDA:1,(anonymous_6)
FNDA:0,(anonymous_7)
FNDA:0,(anonymous_8)
FNDA:0,(anonymous_9)
FNDA:0,(anonymous_10)
FNDA:1,(anonymous_11)
FNDA:1,(anonymous_12)
FNDA:1,(anonymous_13)
FNDA:1,(anonymous_14)
FNDA:1,(anonymous_15)
DA:1,1
DA:2,1
DA:3,1
DA:4,1
DA:5,1
DA:6,1
DA:7,1
DA:8,1
DA:10,1
DA:13,2
DA:14,2
DA:15,2
DA:20,1
DA:21,1
DA:22,1
DA:25,1
DA:26,2
DA:29,1
DA:31,1
DA:33,1
DA:35,1
DA:36,1
DA:37,1
DA:38,1
DA:39,1
DA:40,1
DA:41,1
DA:42,1
DA:45,1
DA:47,1
DA:49,1
DA:51,1
DA:53,1
DA:54,1
DA:55,1
DA:56,1
DA:57,1
DA:58,1
DA:59,1
DA:60,1
DA:63,1
DA:65,1
DA:66,1
DA:67,1
DA:68,1
DA:69,1
DA:70,1
DA:71,1
DA:73,0
DA:74,0
DA:76,1
DA:77,1
DA:81,1
DA:83,1
LF:54
LH:52
BRDA:5,0,0,1
BRDA:5,0,1,1
BRDA:69,1,0,1
BRDA:69,1,1,0
BRF:4
BRH:3
end_of_record
